2022-07-19 11:17:58,050 [INFO] - PrivatApi:Started update for: XRate(840=>980): 36.10108
2022-07-19 11:17:58,050 [DEBUG] - PrivatApi:rate before: XRate(840=>980): 36.10108
2022-07-19 11:17:58,546 [DEBUG] - PrivatApi:Privat response: [{'ccy': 'USD', 'base_ccy': 'UAH', 'buy': '36.10100', 'sale': '36.10108'}, {'ccy': 'EUR', 'base_ccy': 'UAH', 'buy': '36.49630', 'sale': '36.49635'}, {'ccy': 'RUR', 'base_ccy': 'UAH', 'buy': '0.32000', 'sale': '0.35001'}, {'ccy': 'BTC', 'base_ccy': 'USD', 'buy': '20715.8219', 'sale': '22896.4347'}]
2022-07-19 11:17:58,551 [DEBUG] - PrivatApi:rate after: XRate(840=>980): 36.10108
2022-07-19 11:17:58,551 [INFO] - PrivatApi:Finished update for: XRate(840=>980): 36.10108
2022-07-19 11:17:58,558 [INFO] - CbrApi:Started update for: XRate(840=>643): 66.0199
2022-07-19 11:17:58,558 [DEBUG] - CbrApi:rate before: XRate(840=>643): 66.0199
2022-07-19 11:18:00,350 [ERROR] - CbrApi:Error during request sending
Traceback (most recent call last):
  File "/usr/lib/python3/dist-packages/urllib3/connection.py", line 159, in _new_conn
    conn = connection.create_connection(
  File "/usr/lib/python3/dist-packages/urllib3/util/connection.py", line 61, in create_connection
    for res in socket.getaddrinfo(host, port, family, socket.SOCK_STREAM):
  File "/usr/lib/python3.8/socket.py", line 918, in getaddrinfo
    for res in _socket.getaddrinfo(host, port, family, type, proto, flags):
socket.gaierror: [Errno -3] Temporary failure in name resolution

During handling of the above exception, another exception occurred:

Traceback (most recent call last):
  File "/usr/lib/python3/dist-packages/urllib3/connectionpool.py", line 665, in urlopen
    httplib_response = self._make_request(
  File "/usr/lib/python3/dist-packages/urllib3/connectionpool.py", line 387, in _make_request
    conn.request(method, url, **httplib_request_kw)
  File "/usr/lib/python3.8/http/client.py", line 1256, in request
    self._send_request(method, url, body, headers, encode_chunked)
  File "/usr/lib/python3.8/http/client.py", line 1302, in _send_request
    self.endheaders(body, encode_chunked=encode_chunked)
  File "/usr/lib/python3.8/http/client.py", line 1251, in endheaders
    self._send_output(message_body, encode_chunked=encode_chunked)
  File "/usr/lib/python3.8/http/client.py", line 1011, in _send_output
    self.send(msg)
  File "/usr/lib/python3.8/http/client.py", line 951, in send
    self.connect()
  File "/usr/lib/python3/dist-packages/urllib3/connection.py", line 187, in connect
    conn = self._new_conn()
  File "/usr/lib/python3/dist-packages/urllib3/connection.py", line 171, in _new_conn
    raise NewConnectionError(
urllib3.exceptions.NewConnectionError: <urllib3.connection.HTTPConnection object at 0x7f09960a0a90>: Failed to establish a new connection: [Errno -3] Temporary failure in name resolution

During handling of the above exception, another exception occurred:

Traceback (most recent call last):
  File "/usr/lib/python3/dist-packages/requests/adapters.py", line 439, in send
    resp = conn.urlopen(
  File "/usr/lib/python3/dist-packages/urllib3/connectionpool.py", line 719, in urlopen
    retries = retries.increment(
  File "/usr/lib/python3/dist-packages/urllib3/util/retry.py", line 436, in increment
    raise MaxRetryError(_pool, url, error or ResponseError(cause))
urllib3.exceptions.MaxRetryError: HTTPConnectionPool(host='www.cbr.ru', port=80): Max retries exceeded with url: /scripts/XML_daily.asp (Caused by NewConnectionError('<urllib3.connection.HTTPConnection object at 0x7f09960a0a90>: Failed to establish a new connection: [Errno -3] Temporary failure in name resolution'))

During handling of the above exception, another exception occurred:

Traceback (most recent call last):
  File "/home/andrii/MyProjects/Flask/Practice Flask/Урок 11/011_Samples/api/__init__.py", line 46, in _send_request
    response = self._send(method=method, url=url, headers=headers, data=data)
  File "/home/andrii/MyProjects/Flask/Practice Flask/Урок 11/011_Samples/api/__init__.py", line 60, in _send
    return requests.request(method=method, url=url, headers=headers, data=data, timeout=HTTP_TIMEOUT)
  File "/usr/lib/python3/dist-packages/requests/api.py", line 60, in request
    return session.request(method=method, url=url, **kwargs)
  File "/usr/lib/python3/dist-packages/requests/sessions.py", line 533, in request
    resp = self.send(prep, **send_kwargs)
  File "/usr/lib/python3/dist-packages/requests/sessions.py", line 646, in send
    r = adapter.send(request, **kwargs)
  File "/usr/lib/python3/dist-packages/requests/adapters.py", line 516, in send
    raise ConnectionError(e, request=request)
requests.exceptions.ConnectionError: HTTPConnectionPool(host='www.cbr.ru', port=80): Max retries exceeded with url: /scripts/XML_daily.asp (Caused by NewConnectionError('<urllib3.connection.HTTPConnection object at 0x7f09960a0a90>: Failed to establish a new connection: [Errno -3] Temporary failure in name resolution'))
2022-07-19 11:18:00,367 [INFO] - PrivatApi:Started update for: XRate(1000=>840): 22796.8466
2022-07-19 11:18:00,367 [DEBUG] - PrivatApi:rate before: XRate(1000=>840): 22796.8466
2022-07-19 11:18:00,722 [DEBUG] - PrivatApi:Privat response: [{'ccy': 'USD', 'base_ccy': 'UAH', 'buy': '36.10100', 'sale': '36.10108'}, {'ccy': 'EUR', 'base_ccy': 'UAH', 'buy': '36.49630', 'sale': '36.49635'}, {'ccy': 'RUR', 'base_ccy': 'UAH', 'buy': '0.32000', 'sale': '0.35001'}, {'ccy': 'BTC', 'base_ccy': 'USD', 'buy': '20715.8219', 'sale': '22896.4347'}]
2022-07-19 11:18:00,727 [DEBUG] - PrivatApi:rate after: XRate(1000=>840): 22896.4347
2022-07-19 11:18:00,727 [INFO] - PrivatApi:Finished update for: XRate(1000=>840): 22896.4347
2022-07-19 11:18:00,729 [INFO] - CryptonatorApi:Started update for: XRate(1000=>980): 91154.50792751
2022-07-19 11:18:00,729 [DEBUG] - CryptonatorApi:rate before: XRate(1000=>980): 91154.50792751
2022-07-19 11:18:00,986 [INFO] - CryptonatorApi:Started update for: XRate(1000=>643): 225977.95251921
2022-07-19 11:18:00,987 [DEBUG] - CryptonatorApi:rate before: XRate(1000=>643): 225977.95251921
2022-07-19 11:18:11,195 [INFO] - CbrApi:Started update for: XRate(840=>643): 66.0199
2022-07-19 11:18:11,195 [DEBUG] - CbrApi:rate before: XRate(840=>643): 66.0199
2022-07-19 11:18:11,336 [ERROR] - CbrApi:Error during request sending
Traceback (most recent call last):
  File "/usr/lib/python3/dist-packages/urllib3/connection.py", line 159, in _new_conn
    conn = connection.create_connection(
  File "/usr/lib/python3/dist-packages/urllib3/util/connection.py", line 61, in create_connection
    for res in socket.getaddrinfo(host, port, family, socket.SOCK_STREAM):
  File "/usr/lib/python3.8/socket.py", line 918, in getaddrinfo
    for res in _socket.getaddrinfo(host, port, family, type, proto, flags):
socket.gaierror: [Errno -3] Temporary failure in name resolution

During handling of the above exception, another exception occurred:

Traceback (most recent call last):
  File "/usr/lib/python3/dist-packages/urllib3/connectionpool.py", line 665, in urlopen
    httplib_response = self._make_request(
  File "/usr/lib/python3/dist-packages/urllib3/connectionpool.py", line 387, in _make_request
    conn.request(method, url, **httplib_request_kw)
  File "/usr/lib/python3.8/http/client.py", line 1256, in request
    self._send_request(method, url, body, headers, encode_chunked)
  File "/usr/lib/python3.8/http/client.py", line 1302, in _send_request
    self.endheaders(body, encode_chunked=encode_chunked)
  File "/usr/lib/python3.8/http/client.py", line 1251, in endheaders
    self._send_output(message_body, encode_chunked=encode_chunked)
  File "/usr/lib/python3.8/http/client.py", line 1011, in _send_output
    self.send(msg)
  File "/usr/lib/python3.8/http/client.py", line 951, in send
    self.connect()
  File "/usr/lib/python3/dist-packages/urllib3/connection.py", line 187, in connect
    conn = self._new_conn()
  File "/usr/lib/python3/dist-packages/urllib3/connection.py", line 171, in _new_conn
    raise NewConnectionError(
urllib3.exceptions.NewConnectionError: <urllib3.connection.HTTPConnection object at 0x7f09960a0af0>: Failed to establish a new connection: [Errno -3] Temporary failure in name resolution

During handling of the above exception, another exception occurred:

Traceback (most recent call last):
  File "/usr/lib/python3/dist-packages/requests/adapters.py", line 439, in send
    resp = conn.urlopen(
  File "/usr/lib/python3/dist-packages/urllib3/connectionpool.py", line 719, in urlopen
    retries = retries.increment(
  File "/usr/lib/python3/dist-packages/urllib3/util/retry.py", line 436, in increment
    raise MaxRetryError(_pool, url, error or ResponseError(cause))
urllib3.exceptions.MaxRetryError: HTTPConnectionPool(host='www.cbr.ru', port=80): Max retries exceeded with url: /scripts/XML_daily.asp (Caused by NewConnectionError('<urllib3.connection.HTTPConnection object at 0x7f09960a0af0>: Failed to establish a new connection: [Errno -3] Temporary failure in name resolution'))

During handling of the above exception, another exception occurred:

Traceback (most recent call last):
  File "/home/andrii/MyProjects/Flask/Practice Flask/Урок 11/011_Samples/api/__init__.py", line 46, in _send_request
    response = self._send(method=method, url=url, headers=headers, data=data)
  File "/home/andrii/MyProjects/Flask/Practice Flask/Урок 11/011_Samples/api/__init__.py", line 60, in _send
    return requests.request(method=method, url=url, headers=headers, data=data, timeout=HTTP_TIMEOUT)
  File "/usr/lib/python3/dist-packages/requests/api.py", line 60, in request
    return session.request(method=method, url=url, **kwargs)
  File "/usr/lib/python3/dist-packages/requests/sessions.py", line 533, in request
    resp = self.send(prep, **send_kwargs)
  File "/usr/lib/python3/dist-packages/requests/sessions.py", line 646, in send
    r = adapter.send(request, **kwargs)
  File "/usr/lib/python3/dist-packages/requests/adapters.py", line 516, in send
    raise ConnectionError(e, request=request)
requests.exceptions.ConnectionError: HTTPConnectionPool(host='www.cbr.ru', port=80): Max retries exceeded with url: /scripts/XML_daily.asp (Caused by NewConnectionError('<urllib3.connection.HTTPConnection object at 0x7f09960a0af0>: Failed to establish a new connection: [Errno -3] Temporary failure in name resolution'))
2022-07-19 11:28:14,684 [INFO] - PrivatApi:Started update for: XRate(840=>980): 36.10108
2022-07-19 11:28:14,684 [DEBUG] - PrivatApi:rate before: XRate(840=>980): 36.10108
2022-07-19 11:28:15,203 [DEBUG] - PrivatApi:Privat response: [{'ccy': 'USD', 'base_ccy': 'UAH', 'buy': '36.10100', 'sale': '36.10108'}, {'ccy': 'EUR', 'base_ccy': 'UAH', 'buy': '36.49630', 'sale': '36.49635'}, {'ccy': 'RUR', 'base_ccy': 'UAH', 'buy': '0.32000', 'sale': '0.35001'}, {'ccy': 'BTC', 'base_ccy': 'USD', 'buy': '20691.7441', 'sale': '22869.8225'}]
2022-07-19 11:28:15,208 [DEBUG] - PrivatApi:rate after: XRate(840=>980): 36.10108
2022-07-19 11:28:15,208 [INFO] - PrivatApi:Finished update for: XRate(840=>980): 36.10108
2022-07-19 11:28:15,215 [INFO] - CbrApi:Started update for: XRate(840=>643): 66.0199
2022-07-19 11:28:15,215 [DEBUG] - CbrApi:rate before: XRate(840=>643): 66.0199
2022-07-19 11:28:15,510 [DEBUG] - CbrApi:response.encoding: utf-8
2022-07-19 11:28:15,510 [DEBUG] - CbrApi:response.text: [
{ 
"r030":36,"txt":"Австралійський долар","rate":19.9738,"cc":"AUD","exchangedate":"19.07.2022"
 }
,{ 
"r030":124,"txt":"Канадський долар","rate":22.528,"cc":"CAD","exchangedate":"19.07.2022"
 }
,{ 
"r030":156,"txt":"Юань Женьміньбі","rate":4.3431,"cc":"CNY","exchangedate":"19.07.2022"
 }
,{ 
"r030":191,"txt":"Куна","rate":3.948,"cc":"HRK","exchangedate":"19.07.2022"
 }
,{ 
"r030":203,"txt":"Чеська крона","rate":1.2103,"cc":"CZK","exchangedate":"19.07.2022"
 }
,{ 
"r030":208,"txt":"Данська крона","rate":3.9853,"cc":"DKK","exchangedate":"19.07.2022"
 }
,{ 
"r030":344,"txt":"Гонконгівський долар","rate":3.7267,"cc":"HKD","exchangedate":"19.07.2022"
 }
,{ 
"r030":348,"txt":"Форинт","rate":0.073779,"cc":"HUF","exchangedate":"19.07.2022"
 }
,{ 
"r030":356,"txt":"Індійська рупія","rate":0.36578,"cc":"INR","exchangedate":"19.07.2022"
 }
,{ 
"r030":360,"txt":"Рупія","rate":0.0019533,"cc":"IDR","exchangedate":"19.07.2022"
 }
,{ 
"r030":376,"txt":"Новий ізраїльський шекель","rate":8.4716,"cc":"ILS","exchangedate":"19.07.2022"
 }
,{ 
"r030":392,"txt":"Єна","rate":0.21154,"cc":"JPY","exchangedate":"19.07.2022"
 }
,{ 
"r030":398,"txt":"Теньге","rate":0.060178,"cc":"KZT","exchangedate":"19.07.2022"
 }
,{ 
"r030":410,"txt":"Вона","rate":0.022215,"cc":"KRW","exchangedate":"19.07.2022"
 }
,{ 
"r030":484,"txt":"Мексиканське песо","rate":1.4334,"cc":"MXN","exchangedate":"19.07.2022"
 }
,{ 
"r030":498,"txt":"Молдовський лей","rate":1.5155,"cc":"MDL","exchangedate":"19.07.2022"
 }
,{ 
"r030":554,"txt":"Новозеландський долар","rate":18.04,"cc":"NZD","exchangedate":"19.07.2022"
 }
,{ 
"r030":578,"txt":"Норвезька крона","rate":2.8927,"cc":"NOK","exchangedate":"19.07.2022"
 }
,{ 
"r030":643,"txt":"Російський рубль","rate":0.51292,"cc":"RUB","exchangedate":"19.07.2022"
 }
,{ 
"r030":702,"txt":"Сінгапурський долар","rate":20.9457,"cc":"SGD","exchangedate":"19.07.2022"
 }
,{ 
"r030":710,"txt":"Ренд","rate":1.7046,"cc":"ZAR","exchangedate":"19.07.2022"
 }
,{ 
"r030":752,"txt":"Шведська крона","rate":2.8164,"cc":"SEK","exchangedate":"19.07.2022"
 }
,{ 
"r030":756,"txt":"Швейцарський франк","rate":29.9451,"cc":"CHF","exchangedate":"19.07.2022"
 }
,{ 
"r030":818,"txt":"Єгипетський фунт","rate":1.5479,"cc":"EGP","exchangedate":"19.07.2022"
 }
,{ 
"r030":826,"txt":"Фунт стерлінгів","rate":35.005,"cc":"GBP","exchangedate":"19.07.2022"
 }
,{ 
"r030":840,"txt":"Долар США","rate":29.2549,"cc":"USD","exchangedate":"19.07.2022"
 }
,{ 
"r030":933,"txt":"Білоруський рубль","rate":10.6335,"cc":"BYN","exchangedate":"19.07.2022"
 }
,{ 
"r030":944,"txt":"Азербайджанський манат","rate":17.2646,"cc":"AZN","exchangedate":"19.07.2022"
 }
,{ 
"r030":946,"txt":"Румунський лей","rate":6.0061,"cc":"RON","exchangedate":"19.07.2022"
 }
,{ 
"r030":949,"txt":"Турецька ліра","rate":1.6723,"cc":"TRY","exchangedate":"19.07.2022"
 }
,{ 
"r030":960,"txt":"СПЗ (спеціальні права запозичення)","rate":38.4577,"cc":"XDR","exchangedate":"19.07.2022"
 }
,{ 
"r030":975,"txt":"Болгарський лев","rate":15.169,"cc":"BGN","exchangedate":"19.07.2022"
 }
,{ 
"r030":978,"txt":"Євро","rate":29.6645,"cc":"EUR","exchangedate":"19.07.2022"
 }
,{ 
"r030":985,"txt":"Злотий","rate":6.212,"cc":"PLN","exchangedate":"19.07.2022"
 }
,{ 
"r030":12,"txt":"Алжирський динар","rate":0.19974,"cc":"DZD","exchangedate":"19.07.2022"
 }
,{ 
"r030":50,"txt":"Така","rate":0.31305,"cc":"BDT","exchangedate":"19.07.2022"
 }
,{ 
"r030":51,"txt":"Вірменський драм","rate":0.071842,"cc":"AMD","exchangedate":"19.07.2022"
 }
,{ 
"r030":214,"txt":"Домініканське песо","rate":0.53468,"cc":"DOP","exchangedate":"19.07.2022"
 }
,{ 
"r030":364,"txt":"Іранський ріал","rate":0.00069655,"cc":"IRR","exchangedate":"19.07.2022"
 }
,{ 
"r030":368,"txt":"Іракський динар","rate":0.020038,"cc":"IQD","exchangedate":"19.07.2022"
 }
,{ 
"r030":417,"txt":"Сом","rate":0.36799,"cc":"KGS","exchangedate":"19.07.2022"
 }
,{ 
"r030":422,"txt":"Ліванський фунт","rate":0.019406,"cc":"LBP","exchangedate":"19.07.2022"
 }
,{ 
"r030":434,"txt":"Лівійський динар","rate":6.0549,"cc":"LYD","exchangedate":"19.07.2022"
 }
,{ 
"r030":458,"txt":"Малайзійський ринггіт","rate":6.6357,"cc":"MYR","exchangedate":"19.07.2022"
 }
,{ 
"r030":504,"txt":"Марокканський дирхам","rate":2.8798,"cc":"MAD","exchangedate":"19.07.2022"
 }
,{ 
"r030":586,"txt":"Пакистанська рупія","rate":0.14291,"cc":"PKR","exchangedate":"19.07.2022"
 }
,{ 
"r030":682,"txt":"Саудівський ріял","rate":7.7961,"cc":"SAR","exchangedate":"19.07.2022"
 }
,{ 
"r030":704,"txt":"Донг","rate":0.0012565,"cc":"VND","exchangedate":"19.07.2022"
 }
,{ 
"r030":764,"txt":"Бат","rate":0.82706,"cc":"THB","exchangedate":"19.07.2022"
 }
,{ 
"r030":784,"txt":"Дирхам ОАЕ","rate":7.9649,"cc":"AED","exchangedate":"19.07.2022"
 }
,{ 
"r030":788,"txt":"Туніський динар","rate":9.388,"cc":"TND","exchangedate":"19.07.2022"
 }
,{ 
"r030":860,"txt":"Узбецький сум","rate":0.0026923,"cc":"UZS","exchangedate":"19.07.2022"
 }
,{ 
"r030":901,"txt":"Новий тайванський долар","rate":0.98362,"cc":"TWD","exchangedate":"19.07.2022"
 }
,{ 
"r030":934,"txt":"Туркменський новий манат","rate":8.3585,"cc":"TMT","exchangedate":"19.07.2022"
 }
,{ 
"r030":941,"txt":"Сербський динар","rate":0.25896,"cc":"RSD","exchangedate":"19.07.2022"
 }
,{ 
"r030":972,"txt":"Сомоні","rate":2.7709,"cc":"TJS","exchangedate":"19.07.2022"
 }
,{ 
"r030":981,"txt":"Ларі","rate":9.9931,"cc":"GEL","exchangedate":"19.07.2022"
 }
,{ 
"r030":986,"txt":"Бразильський реал","rate":5.6474,"cc":"BRL","exchangedate":"19.07.2022"
 }
,{ 
"r030":959,"txt":"Золото","rate":50161.62,"cc":"XAU","exchangedate":"19.07.2022"
 }
,{ 
"r030":961,"txt":"Срібло","rate":551.01,"cc":"XAG","exchangedate":"19.07.2022"
 }
,{ 
"r030":962,"txt":"Платина","rate":25318.65,"cc":"XPT","exchangedate":"19.07.2022"
 }
,{ 
"r030":964,"txt":"Паладій","rate":54804.08,"cc":"XPD","exchangedate":"19.07.2022"
 }
]

2022-07-19 11:28:15,512 [INFO] - PrivatApi:Started update for: XRate(1000=>840): 22896.4347
2022-07-19 11:28:15,512 [DEBUG] - PrivatApi:rate before: XRate(1000=>840): 22896.4347
2022-07-19 11:28:15,782 [DEBUG] - PrivatApi:Privat response: [{'ccy': 'USD', 'base_ccy': 'UAH', 'buy': '36.10100', 'sale': '36.10108'}, {'ccy': 'EUR', 'base_ccy': 'UAH', 'buy': '36.49630', 'sale': '36.49635'}, {'ccy': 'RUR', 'base_ccy': 'UAH', 'buy': '0.32000', 'sale': '0.35001'}, {'ccy': 'BTC', 'base_ccy': 'USD', 'buy': '20691.7441', 'sale': '22869.8225'}]
2022-07-19 11:28:15,787 [DEBUG] - PrivatApi:rate after: XRate(1000=>840): 22869.8225
2022-07-19 11:28:15,787 [INFO] - PrivatApi:Finished update for: XRate(1000=>840): 22869.8225
2022-07-19 11:28:15,789 [INFO] - CryptonatorApi:Started update for: XRate(1000=>980): 91154.50792751
2022-07-19 11:28:15,789 [DEBUG] - CryptonatorApi:rate before: XRate(1000=>980): 91154.50792751
2022-07-19 11:28:16,083 [INFO] - CryptonatorApi:Started update for: XRate(1000=>643): 225977.95251921
2022-07-19 11:28:16,083 [DEBUG] - CryptonatorApi:rate before: XRate(1000=>643): 225977.95251921
2022-07-19 11:28:24,261 [INFO] - CbrApi:Started update for: XRate(840=>643): 66.0199
2022-07-19 11:28:24,261 [DEBUG] - CbrApi:rate before: XRate(840=>643): 66.0199
2022-07-19 11:28:24,748 [DEBUG] - CbrApi:response.encoding: utf-8
2022-07-19 11:28:24,748 [DEBUG] - CbrApi:response.text: [
{ 
"r030":36,"txt":"Австралійський долар","rate":19.9738,"cc":"AUD","exchangedate":"19.07.2022"
 }
,{ 
"r030":124,"txt":"Канадський долар","rate":22.528,"cc":"CAD","exchangedate":"19.07.2022"
 }
,{ 
"r030":156,"txt":"Юань Женьміньбі","rate":4.3431,"cc":"CNY","exchangedate":"19.07.2022"
 }
,{ 
"r030":191,"txt":"Куна","rate":3.948,"cc":"HRK","exchangedate":"19.07.2022"
 }
,{ 
"r030":203,"txt":"Чеська крона","rate":1.2103,"cc":"CZK","exchangedate":"19.07.2022"
 }
,{ 
"r030":208,"txt":"Данська крона","rate":3.9853,"cc":"DKK","exchangedate":"19.07.2022"
 }
,{ 
"r030":344,"txt":"Гонконгівський долар","rate":3.7267,"cc":"HKD","exchangedate":"19.07.2022"
 }
,{ 
"r030":348,"txt":"Форинт","rate":0.073779,"cc":"HUF","exchangedate":"19.07.2022"
 }
,{ 
"r030":356,"txt":"Індійська рупія","rate":0.36578,"cc":"INR","exchangedate":"19.07.2022"
 }
,{ 
"r030":360,"txt":"Рупія","rate":0.0019533,"cc":"IDR","exchangedate":"19.07.2022"
 }
,{ 
"r030":376,"txt":"Новий ізраїльський шекель","rate":8.4716,"cc":"ILS","exchangedate":"19.07.2022"
 }
,{ 
"r030":392,"txt":"Єна","rate":0.21154,"cc":"JPY","exchangedate":"19.07.2022"
 }
,{ 
"r030":398,"txt":"Теньге","rate":0.060178,"cc":"KZT","exchangedate":"19.07.2022"
 }
,{ 
"r030":410,"txt":"Вона","rate":0.022215,"cc":"KRW","exchangedate":"19.07.2022"
 }
,{ 
"r030":484,"txt":"Мексиканське песо","rate":1.4334,"cc":"MXN","exchangedate":"19.07.2022"
 }
,{ 
"r030":498,"txt":"Молдовський лей","rate":1.5155,"cc":"MDL","exchangedate":"19.07.2022"
 }
,{ 
"r030":554,"txt":"Новозеландський долар","rate":18.04,"cc":"NZD","exchangedate":"19.07.2022"
 }
,{ 
"r030":578,"txt":"Норвезька крона","rate":2.8927,"cc":"NOK","exchangedate":"19.07.2022"
 }
,{ 
"r030":643,"txt":"Російський рубль","rate":0.51292,"cc":"RUB","exchangedate":"19.07.2022"
 }
,{ 
"r030":702,"txt":"Сінгапурський долар","rate":20.9457,"cc":"SGD","exchangedate":"19.07.2022"
 }
,{ 
"r030":710,"txt":"Ренд","rate":1.7046,"cc":"ZAR","exchangedate":"19.07.2022"
 }
,{ 
"r030":752,"txt":"Шведська крона","rate":2.8164,"cc":"SEK","exchangedate":"19.07.2022"
 }
,{ 
"r030":756,"txt":"Швейцарський франк","rate":29.9451,"cc":"CHF","exchangedate":"19.07.2022"
 }
,{ 
"r030":818,"txt":"Єгипетський фунт","rate":1.5479,"cc":"EGP","exchangedate":"19.07.2022"
 }
,{ 
"r030":826,"txt":"Фунт стерлінгів","rate":35.005,"cc":"GBP","exchangedate":"19.07.2022"
 }
,{ 
"r030":840,"txt":"Долар США","rate":29.2549,"cc":"USD","exchangedate":"19.07.2022"
 }
,{ 
"r030":933,"txt":"Білоруський рубль","rate":10.6335,"cc":"BYN","exchangedate":"19.07.2022"
 }
,{ 
"r030":944,"txt":"Азербайджанський манат","rate":17.2646,"cc":"AZN","exchangedate":"19.07.2022"
 }
,{ 
"r030":946,"txt":"Румунський лей","rate":6.0061,"cc":"RON","exchangedate":"19.07.2022"
 }
,{ 
"r030":949,"txt":"Турецька ліра","rate":1.6723,"cc":"TRY","exchangedate":"19.07.2022"
 }
,{ 
"r030":960,"txt":"СПЗ (спеціальні права запозичення)","rate":38.4577,"cc":"XDR","exchangedate":"19.07.2022"
 }
,{ 
"r030":975,"txt":"Болгарський лев","rate":15.169,"cc":"BGN","exchangedate":"19.07.2022"
 }
,{ 
"r030":978,"txt":"Євро","rate":29.6645,"cc":"EUR","exchangedate":"19.07.2022"
 }
,{ 
"r030":985,"txt":"Злотий","rate":6.212,"cc":"PLN","exchangedate":"19.07.2022"
 }
,{ 
"r030":12,"txt":"Алжирський динар","rate":0.19974,"cc":"DZD","exchangedate":"19.07.2022"
 }
,{ 
"r030":50,"txt":"Така","rate":0.31305,"cc":"BDT","exchangedate":"19.07.2022"
 }
,{ 
"r030":51,"txt":"Вірменський драм","rate":0.071842,"cc":"AMD","exchangedate":"19.07.2022"
 }
,{ 
"r030":214,"txt":"Домініканське песо","rate":0.53468,"cc":"DOP","exchangedate":"19.07.2022"
 }
,{ 
"r030":364,"txt":"Іранський ріал","rate":0.00069655,"cc":"IRR","exchangedate":"19.07.2022"
 }
,{ 
"r030":368,"txt":"Іракський динар","rate":0.020038,"cc":"IQD","exchangedate":"19.07.2022"
 }
,{ 
"r030":417,"txt":"Сом","rate":0.36799,"cc":"KGS","exchangedate":"19.07.2022"
 }
,{ 
"r030":422,"txt":"Ліванський фунт","rate":0.019406,"cc":"LBP","exchangedate":"19.07.2022"
 }
,{ 
"r030":434,"txt":"Лівійський динар","rate":6.0549,"cc":"LYD","exchangedate":"19.07.2022"
 }
,{ 
"r030":458,"txt":"Малайзійський ринггіт","rate":6.6357,"cc":"MYR","exchangedate":"19.07.2022"
 }
,{ 
"r030":504,"txt":"Марокканський дирхам","rate":2.8798,"cc":"MAD","exchangedate":"19.07.2022"
 }
,{ 
"r030":586,"txt":"Пакистанська рупія","rate":0.14291,"cc":"PKR","exchangedate":"19.07.2022"
 }
,{ 
"r030":682,"txt":"Саудівський ріял","rate":7.7961,"cc":"SAR","exchangedate":"19.07.2022"
 }
,{ 
"r030":704,"txt":"Донг","rate":0.0012565,"cc":"VND","exchangedate":"19.07.2022"
 }
,{ 
"r030":764,"txt":"Бат","rate":0.82706,"cc":"THB","exchangedate":"19.07.2022"
 }
,{ 
"r030":784,"txt":"Дирхам ОАЕ","rate":7.9649,"cc":"AED","exchangedate":"19.07.2022"
 }
,{ 
"r030":788,"txt":"Туніський динар","rate":9.388,"cc":"TND","exchangedate":"19.07.2022"
 }
,{ 
"r030":860,"txt":"Узбецький сум","rate":0.0026923,"cc":"UZS","exchangedate":"19.07.2022"
 }
,{ 
"r030":901,"txt":"Новий тайванський долар","rate":0.98362,"cc":"TWD","exchangedate":"19.07.2022"
 }
,{ 
"r030":934,"txt":"Туркменський новий манат","rate":8.3585,"cc":"TMT","exchangedate":"19.07.2022"
 }
,{ 
"r030":941,"txt":"Сербський динар","rate":0.25896,"cc":"RSD","exchangedate":"19.07.2022"
 }
,{ 
"r030":972,"txt":"Сомоні","rate":2.7709,"cc":"TJS","exchangedate":"19.07.2022"
 }
,{ 
"r030":981,"txt":"Ларі","rate":9.9931,"cc":"GEL","exchangedate":"19.07.2022"
 }
,{ 
"r030":986,"txt":"Бразильський реал","rate":5.6474,"cc":"BRL","exchangedate":"19.07.2022"
 }
,{ 
"r030":959,"txt":"Золото","rate":50161.62,"cc":"XAU","exchangedate":"19.07.2022"
 }
,{ 
"r030":961,"txt":"Срібло","rate":551.01,"cc":"XAG","exchangedate":"19.07.2022"
 }
,{ 
"r030":962,"txt":"Платина","rate":25318.65,"cc":"XPT","exchangedate":"19.07.2022"
 }
,{ 
"r030":964,"txt":"Паладій","rate":54804.08,"cc":"XPD","exchangedate":"19.07.2022"
 }
]

2022-07-19 11:28:33,557 [INFO] - CryptonatorApi:Started update for: XRate(1000=>980): 91154.50792751
2022-07-19 11:28:33,557 [DEBUG] - CryptonatorApi:rate before: XRate(1000=>980): 91154.50792751
2022-07-19 11:28:36,951 [INFO] - CryptonatorApi:Started update for: XRate(1000=>643): 225977.95251921
2022-07-19 11:28:36,951 [DEBUG] - CryptonatorApi:rate before: XRate(1000=>643): 225977.95251921
2022-07-19 11:32:42,082 [INFO] - PrivatApi:Started update for: XRate(840=>980): 36.10108
2022-07-19 11:32:42,082 [DEBUG] - PrivatApi:rate before: XRate(840=>980): 36.10108
2022-07-19 11:32:42,660 [DEBUG] - PrivatApi:Privat response: [{'ccy': 'USD', 'base_ccy': 'UAH', 'buy': '36.10100', 'sale': '36.10108'}, {'ccy': 'EUR', 'base_ccy': 'UAH', 'buy': '36.49630', 'sale': '36.49635'}, {'ccy': 'RUR', 'base_ccy': 'UAH', 'buy': '0.32000', 'sale': '0.35001'}, {'ccy': 'BTC', 'base_ccy': 'USD', 'buy': '20681.4263', 'sale': '22858.4185'}]
2022-07-19 11:32:42,665 [DEBUG] - PrivatApi:rate after: XRate(840=>980): 36.10108
2022-07-19 11:32:42,665 [INFO] - PrivatApi:Finished update for: XRate(840=>980): 36.10108
2022-07-19 11:32:42,671 [INFO] - CbrApi:Started update for: XRate(840=>643): 66.0199
2022-07-19 11:32:42,672 [DEBUG] - CbrApi:rate before: XRate(840=>643): 66.0199
2022-07-19 11:32:42,911 [DEBUG] - CbrApi:response.encoding: utf-8
2022-07-19 11:32:42,911 [DEBUG] - CbrApi:response.text: [
{ 
"r030":36,"txt":"Австралійський долар","rate":19.9738,"cc":"AUD","exchangedate":"19.07.2022"
 }
,{ 
"r030":124,"txt":"Канадський долар","rate":22.528,"cc":"CAD","exchangedate":"19.07.2022"
 }
,{ 
"r030":156,"txt":"Юань Женьміньбі","rate":4.3431,"cc":"CNY","exchangedate":"19.07.2022"
 }
,{ 
"r030":191,"txt":"Куна","rate":3.948,"cc":"HRK","exchangedate":"19.07.2022"
 }
,{ 
"r030":203,"txt":"Чеська крона","rate":1.2103,"cc":"CZK","exchangedate":"19.07.2022"
 }
,{ 
"r030":208,"txt":"Данська крона","rate":3.9853,"cc":"DKK","exchangedate":"19.07.2022"
 }
,{ 
"r030":344,"txt":"Гонконгівський долар","rate":3.7267,"cc":"HKD","exchangedate":"19.07.2022"
 }
,{ 
"r030":348,"txt":"Форинт","rate":0.073779,"cc":"HUF","exchangedate":"19.07.2022"
 }
,{ 
"r030":356,"txt":"Індійська рупія","rate":0.36578,"cc":"INR","exchangedate":"19.07.2022"
 }
,{ 
"r030":360,"txt":"Рупія","rate":0.0019533,"cc":"IDR","exchangedate":"19.07.2022"
 }
,{ 
"r030":376,"txt":"Новий ізраїльський шекель","rate":8.4716,"cc":"ILS","exchangedate":"19.07.2022"
 }
,{ 
"r030":392,"txt":"Єна","rate":0.21154,"cc":"JPY","exchangedate":"19.07.2022"
 }
,{ 
"r030":398,"txt":"Теньге","rate":0.060178,"cc":"KZT","exchangedate":"19.07.2022"
 }
,{ 
"r030":410,"txt":"Вона","rate":0.022215,"cc":"KRW","exchangedate":"19.07.2022"
 }
,{ 
"r030":484,"txt":"Мексиканське песо","rate":1.4334,"cc":"MXN","exchangedate":"19.07.2022"
 }
,{ 
"r030":498,"txt":"Молдовський лей","rate":1.5155,"cc":"MDL","exchangedate":"19.07.2022"
 }
,{ 
"r030":554,"txt":"Новозеландський долар","rate":18.04,"cc":"NZD","exchangedate":"19.07.2022"
 }
,{ 
"r030":578,"txt":"Норвезька крона","rate":2.8927,"cc":"NOK","exchangedate":"19.07.2022"
 }
,{ 
"r030":643,"txt":"Російський рубль","rate":0.51292,"cc":"RUB","exchangedate":"19.07.2022"
 }
,{ 
"r030":702,"txt":"Сінгапурський долар","rate":20.9457,"cc":"SGD","exchangedate":"19.07.2022"
 }
,{ 
"r030":710,"txt":"Ренд","rate":1.7046,"cc":"ZAR","exchangedate":"19.07.2022"
 }
,{ 
"r030":752,"txt":"Шведська крона","rate":2.8164,"cc":"SEK","exchangedate":"19.07.2022"
 }
,{ 
"r030":756,"txt":"Швейцарський франк","rate":29.9451,"cc":"CHF","exchangedate":"19.07.2022"
 }
,{ 
"r030":818,"txt":"Єгипетський фунт","rate":1.5479,"cc":"EGP","exchangedate":"19.07.2022"
 }
,{ 
"r030":826,"txt":"Фунт стерлінгів","rate":35.005,"cc":"GBP","exchangedate":"19.07.2022"
 }
,{ 
"r030":840,"txt":"Долар США","rate":29.2549,"cc":"USD","exchangedate":"19.07.2022"
 }
,{ 
"r030":933,"txt":"Білоруський рубль","rate":10.6335,"cc":"BYN","exchangedate":"19.07.2022"
 }
,{ 
"r030":944,"txt":"Азербайджанський манат","rate":17.2646,"cc":"AZN","exchangedate":"19.07.2022"
 }
,{ 
"r030":946,"txt":"Румунський лей","rate":6.0061,"cc":"RON","exchangedate":"19.07.2022"
 }
,{ 
"r030":949,"txt":"Турецька ліра","rate":1.6723,"cc":"TRY","exchangedate":"19.07.2022"
 }
,{ 
"r030":960,"txt":"СПЗ (спеціальні права запозичення)","rate":38.4577,"cc":"XDR","exchangedate":"19.07.2022"
 }
,{ 
"r030":975,"txt":"Болгарський лев","rate":15.169,"cc":"BGN","exchangedate":"19.07.2022"
 }
,{ 
"r030":978,"txt":"Євро","rate":29.6645,"cc":"EUR","exchangedate":"19.07.2022"
 }
,{ 
"r030":985,"txt":"Злотий","rate":6.212,"cc":"PLN","exchangedate":"19.07.2022"
 }
,{ 
"r030":12,"txt":"Алжирський динар","rate":0.19974,"cc":"DZD","exchangedate":"19.07.2022"
 }
,{ 
"r030":50,"txt":"Така","rate":0.31305,"cc":"BDT","exchangedate":"19.07.2022"
 }
,{ 
"r030":51,"txt":"Вірменський драм","rate":0.071842,"cc":"AMD","exchangedate":"19.07.2022"
 }
,{ 
"r030":214,"txt":"Домініканське песо","rate":0.53468,"cc":"DOP","exchangedate":"19.07.2022"
 }
,{ 
"r030":364,"txt":"Іранський ріал","rate":0.00069655,"cc":"IRR","exchangedate":"19.07.2022"
 }
,{ 
"r030":368,"txt":"Іракський динар","rate":0.020038,"cc":"IQD","exchangedate":"19.07.2022"
 }
,{ 
"r030":417,"txt":"Сом","rate":0.36799,"cc":"KGS","exchangedate":"19.07.2022"
 }
,{ 
"r030":422,"txt":"Ліванський фунт","rate":0.019406,"cc":"LBP","exchangedate":"19.07.2022"
 }
,{ 
"r030":434,"txt":"Лівійський динар","rate":6.0549,"cc":"LYD","exchangedate":"19.07.2022"
 }
,{ 
"r030":458,"txt":"Малайзійський ринггіт","rate":6.6357,"cc":"MYR","exchangedate":"19.07.2022"
 }
,{ 
"r030":504,"txt":"Марокканський дирхам","rate":2.8798,"cc":"MAD","exchangedate":"19.07.2022"
 }
,{ 
"r030":586,"txt":"Пакистанська рупія","rate":0.14291,"cc":"PKR","exchangedate":"19.07.2022"
 }
,{ 
"r030":682,"txt":"Саудівський ріял","rate":7.7961,"cc":"SAR","exchangedate":"19.07.2022"
 }
,{ 
"r030":704,"txt":"Донг","rate":0.0012565,"cc":"VND","exchangedate":"19.07.2022"
 }
,{ 
"r030":764,"txt":"Бат","rate":0.82706,"cc":"THB","exchangedate":"19.07.2022"
 }
,{ 
"r030":784,"txt":"Дирхам ОАЕ","rate":7.9649,"cc":"AED","exchangedate":"19.07.2022"
 }
,{ 
"r030":788,"txt":"Туніський динар","rate":9.388,"cc":"TND","exchangedate":"19.07.2022"
 }
,{ 
"r030":860,"txt":"Узбецький сум","rate":0.0026923,"cc":"UZS","exchangedate":"19.07.2022"
 }
,{ 
"r030":901,"txt":"Новий тайванський долар","rate":0.98362,"cc":"TWD","exchangedate":"19.07.2022"
 }
,{ 
"r030":934,"txt":"Туркменський новий манат","rate":8.3585,"cc":"TMT","exchangedate":"19.07.2022"
 }
,{ 
"r030":941,"txt":"Сербський динар","rate":0.25896,"cc":"RSD","exchangedate":"19.07.2022"
 }
,{ 
"r030":972,"txt":"Сомоні","rate":2.7709,"cc":"TJS","exchangedate":"19.07.2022"
 }
,{ 
"r030":981,"txt":"Ларі","rate":9.9931,"cc":"GEL","exchangedate":"19.07.2022"
 }
,{ 
"r030":986,"txt":"Бразильський реал","rate":5.6474,"cc":"BRL","exchangedate":"19.07.2022"
 }
,{ 
"r030":959,"txt":"Золото","rate":50161.62,"cc":"XAU","exchangedate":"19.07.2022"
 }
,{ 
"r030":961,"txt":"Срібло","rate":551.01,"cc":"XAG","exchangedate":"19.07.2022"
 }
,{ 
"r030":962,"txt":"Платина","rate":25318.65,"cc":"XPT","exchangedate":"19.07.2022"
 }
,{ 
"r030":964,"txt":"Паладій","rate":54804.08,"cc":"XPD","exchangedate":"19.07.2022"
 }
]

2022-07-19 11:32:42,913 [INFO] - PrivatApi:Started update for: XRate(1000=>840): 22869.8225
2022-07-19 11:32:42,913 [DEBUG] - PrivatApi:rate before: XRate(1000=>840): 22869.8225
2022-07-19 11:32:43,196 [DEBUG] - PrivatApi:Privat response: [{'ccy': 'USD', 'base_ccy': 'UAH', 'buy': '36.10100', 'sale': '36.10108'}, {'ccy': 'EUR', 'base_ccy': 'UAH', 'buy': '36.49630', 'sale': '36.49635'}, {'ccy': 'RUR', 'base_ccy': 'UAH', 'buy': '0.32000', 'sale': '0.35001'}, {'ccy': 'BTC', 'base_ccy': 'USD', 'buy': '20681.4263', 'sale': '22858.4185'}]
2022-07-19 11:32:43,201 [DEBUG] - PrivatApi:rate after: XRate(1000=>840): 22858.4185
2022-07-19 11:32:43,201 [INFO] - PrivatApi:Finished update for: XRate(1000=>840): 22858.4185
2022-07-19 11:32:43,204 [INFO] - CryptonatorApi:Started update for: XRate(1000=>980): 91154.50792751
2022-07-19 11:32:43,204 [DEBUG] - CryptonatorApi:rate before: XRate(1000=>980): 91154.50792751
2022-07-19 11:32:43,433 [INFO] - CryptonatorApi:Started update for: XRate(1000=>643): 225977.95251921
2022-07-19 11:32:43,434 [DEBUG] - CryptonatorApi:rate before: XRate(1000=>643): 225977.95251921
2022-07-19 11:32:46,154 [INFO] - PrivatApi:Started update for: XRate(840=>980): 36.10108
2022-07-19 11:32:46,154 [DEBUG] - PrivatApi:rate before: XRate(840=>980): 36.10108
2022-07-19 11:32:46,481 [DEBUG] - PrivatApi:Privat response: [{'ccy': 'USD', 'base_ccy': 'UAH', 'buy': '36.10100', 'sale': '36.10108'}, {'ccy': 'EUR', 'base_ccy': 'UAH', 'buy': '36.49630', 'sale': '36.49635'}, {'ccy': 'RUR', 'base_ccy': 'UAH', 'buy': '0.32000', 'sale': '0.35001'}, {'ccy': 'BTC', 'base_ccy': 'USD', 'buy': '20681.4263', 'sale': '22858.4185'}]
2022-07-19 11:32:46,486 [DEBUG] - PrivatApi:rate after: XRate(840=>980): 36.10108
2022-07-19 11:32:46,486 [INFO] - PrivatApi:Finished update for: XRate(840=>980): 36.10108
2022-07-19 11:32:46,488 [INFO] - CbrApi:Started update for: XRate(840=>643): 66.0199
2022-07-19 11:32:46,488 [DEBUG] - CbrApi:rate before: XRate(840=>643): 66.0199
2022-07-19 11:32:46,710 [DEBUG] - CbrApi:response.encoding: utf-8
2022-07-19 11:32:46,710 [DEBUG] - CbrApi:response.text: [
{ 
"r030":36,"txt":"Австралійський долар","rate":19.9738,"cc":"AUD","exchangedate":"19.07.2022"
 }
,{ 
"r030":124,"txt":"Канадський долар","rate":22.528,"cc":"CAD","exchangedate":"19.07.2022"
 }
,{ 
"r030":156,"txt":"Юань Женьміньбі","rate":4.3431,"cc":"CNY","exchangedate":"19.07.2022"
 }
,{ 
"r030":191,"txt":"Куна","rate":3.948,"cc":"HRK","exchangedate":"19.07.2022"
 }
,{ 
"r030":203,"txt":"Чеська крона","rate":1.2103,"cc":"CZK","exchangedate":"19.07.2022"
 }
,{ 
"r030":208,"txt":"Данська крона","rate":3.9853,"cc":"DKK","exchangedate":"19.07.2022"
 }
,{ 
"r030":344,"txt":"Гонконгівський долар","rate":3.7267,"cc":"HKD","exchangedate":"19.07.2022"
 }
,{ 
"r030":348,"txt":"Форинт","rate":0.073779,"cc":"HUF","exchangedate":"19.07.2022"
 }
,{ 
"r030":356,"txt":"Індійська рупія","rate":0.36578,"cc":"INR","exchangedate":"19.07.2022"
 }
,{ 
"r030":360,"txt":"Рупія","rate":0.0019533,"cc":"IDR","exchangedate":"19.07.2022"
 }
,{ 
"r030":376,"txt":"Новий ізраїльський шекель","rate":8.4716,"cc":"ILS","exchangedate":"19.07.2022"
 }
,{ 
"r030":392,"txt":"Єна","rate":0.21154,"cc":"JPY","exchangedate":"19.07.2022"
 }
,{ 
"r030":398,"txt":"Теньге","rate":0.060178,"cc":"KZT","exchangedate":"19.07.2022"
 }
,{ 
"r030":410,"txt":"Вона","rate":0.022215,"cc":"KRW","exchangedate":"19.07.2022"
 }
,{ 
"r030":484,"txt":"Мексиканське песо","rate":1.4334,"cc":"MXN","exchangedate":"19.07.2022"
 }
,{ 
"r030":498,"txt":"Молдовський лей","rate":1.5155,"cc":"MDL","exchangedate":"19.07.2022"
 }
,{ 
"r030":554,"txt":"Новозеландський долар","rate":18.04,"cc":"NZD","exchangedate":"19.07.2022"
 }
,{ 
"r030":578,"txt":"Норвезька крона","rate":2.8927,"cc":"NOK","exchangedate":"19.07.2022"
 }
,{ 
"r030":643,"txt":"Російський рубль","rate":0.51292,"cc":"RUB","exchangedate":"19.07.2022"
 }
,{ 
"r030":702,"txt":"Сінгапурський долар","rate":20.9457,"cc":"SGD","exchangedate":"19.07.2022"
 }
,{ 
"r030":710,"txt":"Ренд","rate":1.7046,"cc":"ZAR","exchangedate":"19.07.2022"
 }
,{ 
"r030":752,"txt":"Шведська крона","rate":2.8164,"cc":"SEK","exchangedate":"19.07.2022"
 }
,{ 
"r030":756,"txt":"Швейцарський франк","rate":29.9451,"cc":"CHF","exchangedate":"19.07.2022"
 }
,{ 
"r030":818,"txt":"Єгипетський фунт","rate":1.5479,"cc":"EGP","exchangedate":"19.07.2022"
 }
,{ 
"r030":826,"txt":"Фунт стерлінгів","rate":35.005,"cc":"GBP","exchangedate":"19.07.2022"
 }
,{ 
"r030":840,"txt":"Долар США","rate":29.2549,"cc":"USD","exchangedate":"19.07.2022"
 }
,{ 
"r030":933,"txt":"Білоруський рубль","rate":10.6335,"cc":"BYN","exchangedate":"19.07.2022"
 }
,{ 
"r030":944,"txt":"Азербайджанський манат","rate":17.2646,"cc":"AZN","exchangedate":"19.07.2022"
 }
,{ 
"r030":946,"txt":"Румунський лей","rate":6.0061,"cc":"RON","exchangedate":"19.07.2022"
 }
,{ 
"r030":949,"txt":"Турецька ліра","rate":1.6723,"cc":"TRY","exchangedate":"19.07.2022"
 }
,{ 
"r030":960,"txt":"СПЗ (спеціальні права запозичення)","rate":38.4577,"cc":"XDR","exchangedate":"19.07.2022"
 }
,{ 
"r030":975,"txt":"Болгарський лев","rate":15.169,"cc":"BGN","exchangedate":"19.07.2022"
 }
,{ 
"r030":978,"txt":"Євро","rate":29.6645,"cc":"EUR","exchangedate":"19.07.2022"
 }
,{ 
"r030":985,"txt":"Злотий","rate":6.212,"cc":"PLN","exchangedate":"19.07.2022"
 }
,{ 
"r030":12,"txt":"Алжирський динар","rate":0.19974,"cc":"DZD","exchangedate":"19.07.2022"
 }
,{ 
"r030":50,"txt":"Така","rate":0.31305,"cc":"BDT","exchangedate":"19.07.2022"
 }
,{ 
"r030":51,"txt":"Вірменський драм","rate":0.071842,"cc":"AMD","exchangedate":"19.07.2022"
 }
,{ 
"r030":214,"txt":"Домініканське песо","rate":0.53468,"cc":"DOP","exchangedate":"19.07.2022"
 }
,{ 
"r030":364,"txt":"Іранський ріал","rate":0.00069655,"cc":"IRR","exchangedate":"19.07.2022"
 }
,{ 
"r030":368,"txt":"Іракський динар","rate":0.020038,"cc":"IQD","exchangedate":"19.07.2022"
 }
,{ 
"r030":417,"txt":"Сом","rate":0.36799,"cc":"KGS","exchangedate":"19.07.2022"
 }
,{ 
"r030":422,"txt":"Ліванський фунт","rate":0.019406,"cc":"LBP","exchangedate":"19.07.2022"
 }
,{ 
"r030":434,"txt":"Лівійський динар","rate":6.0549,"cc":"LYD","exchangedate":"19.07.2022"
 }
,{ 
"r030":458,"txt":"Малайзійський ринггіт","rate":6.6357,"cc":"MYR","exchangedate":"19.07.2022"
 }
,{ 
"r030":504,"txt":"Марокканський дирхам","rate":2.8798,"cc":"MAD","exchangedate":"19.07.2022"
 }
,{ 
"r030":586,"txt":"Пакистанська рупія","rate":0.14291,"cc":"PKR","exchangedate":"19.07.2022"
 }
,{ 
"r030":682,"txt":"Саудівський ріял","rate":7.7961,"cc":"SAR","exchangedate":"19.07.2022"
 }
,{ 
"r030":704,"txt":"Донг","rate":0.0012565,"cc":"VND","exchangedate":"19.07.2022"
 }
,{ 
"r030":764,"txt":"Бат","rate":0.82706,"cc":"THB","exchangedate":"19.07.2022"
 }
,{ 
"r030":784,"txt":"Дирхам ОАЕ","rate":7.9649,"cc":"AED","exchangedate":"19.07.2022"
 }
,{ 
"r030":788,"txt":"Туніський динар","rate":9.388,"cc":"TND","exchangedate":"19.07.2022"
 }
,{ 
"r030":860,"txt":"Узбецький сум","rate":0.0026923,"cc":"UZS","exchangedate":"19.07.2022"
 }
,{ 
"r030":901,"txt":"Новий тайванський долар","rate":0.98362,"cc":"TWD","exchangedate":"19.07.2022"
 }
,{ 
"r030":934,"txt":"Туркменський новий манат","rate":8.3585,"cc":"TMT","exchangedate":"19.07.2022"
 }
,{ 
"r030":941,"txt":"Сербський динар","rate":0.25896,"cc":"RSD","exchangedate":"19.07.2022"
 }
,{ 
"r030":972,"txt":"Сомоні","rate":2.7709,"cc":"TJS","exchangedate":"19.07.2022"
 }
,{ 
"r030":981,"txt":"Ларі","rate":9.9931,"cc":"GEL","exchangedate":"19.07.2022"
 }
,{ 
"r030":986,"txt":"Бразильський реал","rate":5.6474,"cc":"BRL","exchangedate":"19.07.2022"
 }
,{ 
"r030":959,"txt":"Золото","rate":50161.62,"cc":"XAU","exchangedate":"19.07.2022"
 }
,{ 
"r030":961,"txt":"Срібло","rate":551.01,"cc":"XAG","exchangedate":"19.07.2022"
 }
,{ 
"r030":962,"txt":"Платина","rate":25318.65,"cc":"XPT","exchangedate":"19.07.2022"
 }
,{ 
"r030":964,"txt":"Паладій","rate":54804.08,"cc":"XPD","exchangedate":"19.07.2022"
 }
]

2022-07-19 11:32:46,712 [INFO] - PrivatApi:Started update for: XRate(1000=>840): 22858.4185
2022-07-19 11:32:46,712 [DEBUG] - PrivatApi:rate before: XRate(1000=>840): 22858.4185
2022-07-19 11:32:47,110 [DEBUG] - PrivatApi:Privat response: [{'ccy': 'USD', 'base_ccy': 'UAH', 'buy': '36.10100', 'sale': '36.10108'}, {'ccy': 'EUR', 'base_ccy': 'UAH', 'buy': '36.49630', 'sale': '36.49635'}, {'ccy': 'RUR', 'base_ccy': 'UAH', 'buy': '0.32000', 'sale': '0.35001'}, {'ccy': 'BTC', 'base_ccy': 'USD', 'buy': '20681.4263', 'sale': '22858.4185'}]
2022-07-19 11:32:47,115 [DEBUG] - PrivatApi:rate after: XRate(1000=>840): 22858.4185
2022-07-19 11:32:47,115 [INFO] - PrivatApi:Finished update for: XRate(1000=>840): 22858.4185
2022-07-19 11:32:47,116 [INFO] - CryptonatorApi:Started update for: XRate(1000=>980): 91154.50792751
2022-07-19 11:32:47,117 [DEBUG] - CryptonatorApi:rate before: XRate(1000=>980): 91154.50792751
2022-07-19 11:32:47,336 [INFO] - CryptonatorApi:Started update for: XRate(1000=>643): 225977.95251921
2022-07-19 11:32:47,336 [DEBUG] - CryptonatorApi:rate before: XRate(1000=>643): 225977.95251921
2022-07-19 11:32:48,628 [INFO] - PrivatApi:Started update for: XRate(840=>980): 36.10108
2022-07-19 11:32:48,628 [DEBUG] - PrivatApi:rate before: XRate(840=>980): 36.10108
2022-07-19 11:32:48,896 [DEBUG] - PrivatApi:Privat response: [{'ccy': 'USD', 'base_ccy': 'UAH', 'buy': '36.10100', 'sale': '36.10108'}, {'ccy': 'EUR', 'base_ccy': 'UAH', 'buy': '36.49630', 'sale': '36.49635'}, {'ccy': 'RUR', 'base_ccy': 'UAH', 'buy': '0.32000', 'sale': '0.35001'}, {'ccy': 'BTC', 'base_ccy': 'USD', 'buy': '20681.4263', 'sale': '22858.4185'}]
2022-07-19 11:32:48,901 [DEBUG] - PrivatApi:rate after: XRate(840=>980): 36.10108
2022-07-19 11:32:48,901 [INFO] - PrivatApi:Finished update for: XRate(840=>980): 36.10108
2022-07-19 11:32:48,902 [INFO] - CbrApi:Started update for: XRate(840=>643): 66.0199
2022-07-19 11:32:48,903 [DEBUG] - CbrApi:rate before: XRate(840=>643): 66.0199
2022-07-19 11:32:49,121 [DEBUG] - CbrApi:response.encoding: utf-8
2022-07-19 11:32:49,121 [DEBUG] - CbrApi:response.text: [
{ 
"r030":36,"txt":"Австралійський долар","rate":19.9738,"cc":"AUD","exchangedate":"19.07.2022"
 }
,{ 
"r030":124,"txt":"Канадський долар","rate":22.528,"cc":"CAD","exchangedate":"19.07.2022"
 }
,{ 
"r030":156,"txt":"Юань Женьміньбі","rate":4.3431,"cc":"CNY","exchangedate":"19.07.2022"
 }
,{ 
"r030":191,"txt":"Куна","rate":3.948,"cc":"HRK","exchangedate":"19.07.2022"
 }
,{ 
"r030":203,"txt":"Чеська крона","rate":1.2103,"cc":"CZK","exchangedate":"19.07.2022"
 }
,{ 
"r030":208,"txt":"Данська крона","rate":3.9853,"cc":"DKK","exchangedate":"19.07.2022"
 }
,{ 
"r030":344,"txt":"Гонконгівський долар","rate":3.7267,"cc":"HKD","exchangedate":"19.07.2022"
 }
,{ 
"r030":348,"txt":"Форинт","rate":0.073779,"cc":"HUF","exchangedate":"19.07.2022"
 }
,{ 
"r030":356,"txt":"Індійська рупія","rate":0.36578,"cc":"INR","exchangedate":"19.07.2022"
 }
,{ 
"r030":360,"txt":"Рупія","rate":0.0019533,"cc":"IDR","exchangedate":"19.07.2022"
 }
,{ 
"r030":376,"txt":"Новий ізраїльський шекель","rate":8.4716,"cc":"ILS","exchangedate":"19.07.2022"
 }
,{ 
"r030":392,"txt":"Єна","rate":0.21154,"cc":"JPY","exchangedate":"19.07.2022"
 }
,{ 
"r030":398,"txt":"Теньге","rate":0.060178,"cc":"KZT","exchangedate":"19.07.2022"
 }
,{ 
"r030":410,"txt":"Вона","rate":0.022215,"cc":"KRW","exchangedate":"19.07.2022"
 }
,{ 
"r030":484,"txt":"Мексиканське песо","rate":1.4334,"cc":"MXN","exchangedate":"19.07.2022"
 }
,{ 
"r030":498,"txt":"Молдовський лей","rate":1.5155,"cc":"MDL","exchangedate":"19.07.2022"
 }
,{ 
"r030":554,"txt":"Новозеландський долар","rate":18.04,"cc":"NZD","exchangedate":"19.07.2022"
 }
,{ 
"r030":578,"txt":"Норвезька крона","rate":2.8927,"cc":"NOK","exchangedate":"19.07.2022"
 }
,{ 
"r030":643,"txt":"Російський рубль","rate":0.51292,"cc":"RUB","exchangedate":"19.07.2022"
 }
,{ 
"r030":702,"txt":"Сінгапурський долар","rate":20.9457,"cc":"SGD","exchangedate":"19.07.2022"
 }
,{ 
"r030":710,"txt":"Ренд","rate":1.7046,"cc":"ZAR","exchangedate":"19.07.2022"
 }
,{ 
"r030":752,"txt":"Шведська крона","rate":2.8164,"cc":"SEK","exchangedate":"19.07.2022"
 }
,{ 
"r030":756,"txt":"Швейцарський франк","rate":29.9451,"cc":"CHF","exchangedate":"19.07.2022"
 }
,{ 
"r030":818,"txt":"Єгипетський фунт","rate":1.5479,"cc":"EGP","exchangedate":"19.07.2022"
 }
,{ 
"r030":826,"txt":"Фунт стерлінгів","rate":35.005,"cc":"GBP","exchangedate":"19.07.2022"
 }
,{ 
"r030":840,"txt":"Долар США","rate":29.2549,"cc":"USD","exchangedate":"19.07.2022"
 }
,{ 
"r030":933,"txt":"Білоруський рубль","rate":10.6335,"cc":"BYN","exchangedate":"19.07.2022"
 }
,{ 
"r030":944,"txt":"Азербайджанський манат","rate":17.2646,"cc":"AZN","exchangedate":"19.07.2022"
 }
,{ 
"r030":946,"txt":"Румунський лей","rate":6.0061,"cc":"RON","exchangedate":"19.07.2022"
 }
,{ 
"r030":949,"txt":"Турецька ліра","rate":1.6723,"cc":"TRY","exchangedate":"19.07.2022"
 }
,{ 
"r030":960,"txt":"СПЗ (спеціальні права запозичення)","rate":38.4577,"cc":"XDR","exchangedate":"19.07.2022"
 }
,{ 
"r030":975,"txt":"Болгарський лев","rate":15.169,"cc":"BGN","exchangedate":"19.07.2022"
 }
,{ 
"r030":978,"txt":"Євро","rate":29.6645,"cc":"EUR","exchangedate":"19.07.2022"
 }
,{ 
"r030":985,"txt":"Злотий","rate":6.212,"cc":"PLN","exchangedate":"19.07.2022"
 }
,{ 
"r030":12,"txt":"Алжирський динар","rate":0.19974,"cc":"DZD","exchangedate":"19.07.2022"
 }
,{ 
"r030":50,"txt":"Така","rate":0.31305,"cc":"BDT","exchangedate":"19.07.2022"
 }
,{ 
"r030":51,"txt":"Вірменський драм","rate":0.071842,"cc":"AMD","exchangedate":"19.07.2022"
 }
,{ 
"r030":214,"txt":"Домініканське песо","rate":0.53468,"cc":"DOP","exchangedate":"19.07.2022"
 }
,{ 
"r030":364,"txt":"Іранський ріал","rate":0.00069655,"cc":"IRR","exchangedate":"19.07.2022"
 }
,{ 
"r030":368,"txt":"Іракський динар","rate":0.020038,"cc":"IQD","exchangedate":"19.07.2022"
 }
,{ 
"r030":417,"txt":"Сом","rate":0.36799,"cc":"KGS","exchangedate":"19.07.2022"
 }
,{ 
"r030":422,"txt":"Ліванський фунт","rate":0.019406,"cc":"LBP","exchangedate":"19.07.2022"
 }
,{ 
"r030":434,"txt":"Лівійський динар","rate":6.0549,"cc":"LYD","exchangedate":"19.07.2022"
 }
,{ 
"r030":458,"txt":"Малайзійський ринггіт","rate":6.6357,"cc":"MYR","exchangedate":"19.07.2022"
 }
,{ 
"r030":504,"txt":"Марокканський дирхам","rate":2.8798,"cc":"MAD","exchangedate":"19.07.2022"
 }
,{ 
"r030":586,"txt":"Пакистанська рупія","rate":0.14291,"cc":"PKR","exchangedate":"19.07.2022"
 }
,{ 
"r030":682,"txt":"Саудівський ріял","rate":7.7961,"cc":"SAR","exchangedate":"19.07.2022"
 }
,{ 
"r030":704,"txt":"Донг","rate":0.0012565,"cc":"VND","exchangedate":"19.07.2022"
 }
,{ 
"r030":764,"txt":"Бат","rate":0.82706,"cc":"THB","exchangedate":"19.07.2022"
 }
,{ 
"r030":784,"txt":"Дирхам ОАЕ","rate":7.9649,"cc":"AED","exchangedate":"19.07.2022"
 }
,{ 
"r030":788,"txt":"Туніський динар","rate":9.388,"cc":"TND","exchangedate":"19.07.2022"
 }
,{ 
"r030":860,"txt":"Узбецький сум","rate":0.0026923,"cc":"UZS","exchangedate":"19.07.2022"
 }
,{ 
"r030":901,"txt":"Новий тайванський долар","rate":0.98362,"cc":"TWD","exchangedate":"19.07.2022"
 }
,{ 
"r030":934,"txt":"Туркменський новий манат","rate":8.3585,"cc":"TMT","exchangedate":"19.07.2022"
 }
,{ 
"r030":941,"txt":"Сербський динар","rate":0.25896,"cc":"RSD","exchangedate":"19.07.2022"
 }
,{ 
"r030":972,"txt":"Сомоні","rate":2.7709,"cc":"TJS","exchangedate":"19.07.2022"
 }
,{ 
"r030":981,"txt":"Ларі","rate":9.9931,"cc":"GEL","exchangedate":"19.07.2022"
 }
,{ 
"r030":986,"txt":"Бразильський реал","rate":5.6474,"cc":"BRL","exchangedate":"19.07.2022"
 }
,{ 
"r030":959,"txt":"Золото","rate":50161.62,"cc":"XAU","exchangedate":"19.07.2022"
 }
,{ 
"r030":961,"txt":"Срібло","rate":551.01,"cc":"XAG","exchangedate":"19.07.2022"
 }
,{ 
"r030":962,"txt":"Платина","rate":25318.65,"cc":"XPT","exchangedate":"19.07.2022"
 }
,{ 
"r030":964,"txt":"Паладій","rate":54804.08,"cc":"XPD","exchangedate":"19.07.2022"
 }
]

2022-07-19 11:32:49,123 [INFO] - PrivatApi:Started update for: XRate(1000=>840): 22858.4185
2022-07-19 11:32:49,123 [DEBUG] - PrivatApi:rate before: XRate(1000=>840): 22858.4185
2022-07-19 11:32:49,405 [DEBUG] - PrivatApi:Privat response: [{'ccy': 'USD', 'base_ccy': 'UAH', 'buy': '36.10100', 'sale': '36.10108'}, {'ccy': 'EUR', 'base_ccy': 'UAH', 'buy': '36.49630', 'sale': '36.49635'}, {'ccy': 'RUR', 'base_ccy': 'UAH', 'buy': '0.32000', 'sale': '0.35001'}, {'ccy': 'BTC', 'base_ccy': 'USD', 'buy': '20681.4263', 'sale': '22858.4185'}]
2022-07-19 11:32:49,409 [DEBUG] - PrivatApi:rate after: XRate(1000=>840): 22858.4185
2022-07-19 11:32:49,409 [INFO] - PrivatApi:Finished update for: XRate(1000=>840): 22858.4185
2022-07-19 11:32:49,411 [INFO] - CryptonatorApi:Started update for: XRate(1000=>980): 91154.50792751
2022-07-19 11:32:49,411 [DEBUG] - CryptonatorApi:rate before: XRate(1000=>980): 91154.50792751
2022-07-19 11:32:49,634 [INFO] - CryptonatorApi:Started update for: XRate(1000=>643): 225977.95251921
2022-07-19 11:32:49,634 [DEBUG] - CryptonatorApi:rate before: XRate(1000=>643): 225977.95251921
2022-07-19 11:32:52,161 [INFO] - CbrApi:Started update for: XRate(840=>643): 66.0199
2022-07-19 11:32:52,161 [DEBUG] - CbrApi:rate before: XRate(840=>643): 66.0199
2022-07-19 11:32:52,680 [DEBUG] - CbrApi:response.encoding: utf-8
2022-07-19 11:32:52,680 [DEBUG] - CbrApi:response.text: [
{ 
"r030":36,"txt":"Австралійський долар","rate":19.9738,"cc":"AUD","exchangedate":"19.07.2022"
 }
,{ 
"r030":124,"txt":"Канадський долар","rate":22.528,"cc":"CAD","exchangedate":"19.07.2022"
 }
,{ 
"r030":156,"txt":"Юань Женьміньбі","rate":4.3431,"cc":"CNY","exchangedate":"19.07.2022"
 }
,{ 
"r030":191,"txt":"Куна","rate":3.948,"cc":"HRK","exchangedate":"19.07.2022"
 }
,{ 
"r030":203,"txt":"Чеська крона","rate":1.2103,"cc":"CZK","exchangedate":"19.07.2022"
 }
,{ 
"r030":208,"txt":"Данська крона","rate":3.9853,"cc":"DKK","exchangedate":"19.07.2022"
 }
,{ 
"r030":344,"txt":"Гонконгівський долар","rate":3.7267,"cc":"HKD","exchangedate":"19.07.2022"
 }
,{ 
"r030":348,"txt":"Форинт","rate":0.073779,"cc":"HUF","exchangedate":"19.07.2022"
 }
,{ 
"r030":356,"txt":"Індійська рупія","rate":0.36578,"cc":"INR","exchangedate":"19.07.2022"
 }
,{ 
"r030":360,"txt":"Рупія","rate":0.0019533,"cc":"IDR","exchangedate":"19.07.2022"
 }
,{ 
"r030":376,"txt":"Новий ізраїльський шекель","rate":8.4716,"cc":"ILS","exchangedate":"19.07.2022"
 }
,{ 
"r030":392,"txt":"Єна","rate":0.21154,"cc":"JPY","exchangedate":"19.07.2022"
 }
,{ 
"r030":398,"txt":"Теньге","rate":0.060178,"cc":"KZT","exchangedate":"19.07.2022"
 }
,{ 
"r030":410,"txt":"Вона","rate":0.022215,"cc":"KRW","exchangedate":"19.07.2022"
 }
,{ 
"r030":484,"txt":"Мексиканське песо","rate":1.4334,"cc":"MXN","exchangedate":"19.07.2022"
 }
,{ 
"r030":498,"txt":"Молдовський лей","rate":1.5155,"cc":"MDL","exchangedate":"19.07.2022"
 }
,{ 
"r030":554,"txt":"Новозеландський долар","rate":18.04,"cc":"NZD","exchangedate":"19.07.2022"
 }
,{ 
"r030":578,"txt":"Норвезька крона","rate":2.8927,"cc":"NOK","exchangedate":"19.07.2022"
 }
,{ 
"r030":643,"txt":"Російський рубль","rate":0.51292,"cc":"RUB","exchangedate":"19.07.2022"
 }
,{ 
"r030":702,"txt":"Сінгапурський долар","rate":20.9457,"cc":"SGD","exchangedate":"19.07.2022"
 }
,{ 
"r030":710,"txt":"Ренд","rate":1.7046,"cc":"ZAR","exchangedate":"19.07.2022"
 }
,{ 
"r030":752,"txt":"Шведська крона","rate":2.8164,"cc":"SEK","exchangedate":"19.07.2022"
 }
,{ 
"r030":756,"txt":"Швейцарський франк","rate":29.9451,"cc":"CHF","exchangedate":"19.07.2022"
 }
,{ 
"r030":818,"txt":"Єгипетський фунт","rate":1.5479,"cc":"EGP","exchangedate":"19.07.2022"
 }
,{ 
"r030":826,"txt":"Фунт стерлінгів","rate":35.005,"cc":"GBP","exchangedate":"19.07.2022"
 }
,{ 
"r030":840,"txt":"Долар США","rate":29.2549,"cc":"USD","exchangedate":"19.07.2022"
 }
,{ 
"r030":933,"txt":"Білоруський рубль","rate":10.6335,"cc":"BYN","exchangedate":"19.07.2022"
 }
,{ 
"r030":944,"txt":"Азербайджанський манат","rate":17.2646,"cc":"AZN","exchangedate":"19.07.2022"
 }
,{ 
"r030":946,"txt":"Румунський лей","rate":6.0061,"cc":"RON","exchangedate":"19.07.2022"
 }
,{ 
"r030":949,"txt":"Турецька ліра","rate":1.6723,"cc":"TRY","exchangedate":"19.07.2022"
 }
,{ 
"r030":960,"txt":"СПЗ (спеціальні права запозичення)","rate":38.4577,"cc":"XDR","exchangedate":"19.07.2022"
 }
,{ 
"r030":975,"txt":"Болгарський лев","rate":15.169,"cc":"BGN","exchangedate":"19.07.2022"
 }
,{ 
"r030":978,"txt":"Євро","rate":29.6645,"cc":"EUR","exchangedate":"19.07.2022"
 }
,{ 
"r030":985,"txt":"Злотий","rate":6.212,"cc":"PLN","exchangedate":"19.07.2022"
 }
,{ 
"r030":12,"txt":"Алжирський динар","rate":0.19974,"cc":"DZD","exchangedate":"19.07.2022"
 }
,{ 
"r030":50,"txt":"Така","rate":0.31305,"cc":"BDT","exchangedate":"19.07.2022"
 }
,{ 
"r030":51,"txt":"Вірменський драм","rate":0.071842,"cc":"AMD","exchangedate":"19.07.2022"
 }
,{ 
"r030":214,"txt":"Домініканське песо","rate":0.53468,"cc":"DOP","exchangedate":"19.07.2022"
 }
,{ 
"r030":364,"txt":"Іранський ріал","rate":0.00069655,"cc":"IRR","exchangedate":"19.07.2022"
 }
,{ 
"r030":368,"txt":"Іракський динар","rate":0.020038,"cc":"IQD","exchangedate":"19.07.2022"
 }
,{ 
"r030":417,"txt":"Сом","rate":0.36799,"cc":"KGS","exchangedate":"19.07.2022"
 }
,{ 
"r030":422,"txt":"Ліванський фунт","rate":0.019406,"cc":"LBP","exchangedate":"19.07.2022"
 }
,{ 
"r030":434,"txt":"Лівійський динар","rate":6.0549,"cc":"LYD","exchangedate":"19.07.2022"
 }
,{ 
"r030":458,"txt":"Малайзійський ринггіт","rate":6.6357,"cc":"MYR","exchangedate":"19.07.2022"
 }
,{ 
"r030":504,"txt":"Марокканський дирхам","rate":2.8798,"cc":"MAD","exchangedate":"19.07.2022"
 }
,{ 
"r030":586,"txt":"Пакистанська рупія","rate":0.14291,"cc":"PKR","exchangedate":"19.07.2022"
 }
,{ 
"r030":682,"txt":"Саудівський ріял","rate":7.7961,"cc":"SAR","exchangedate":"19.07.2022"
 }
,{ 
"r030":704,"txt":"Донг","rate":0.0012565,"cc":"VND","exchangedate":"19.07.2022"
 }
,{ 
"r030":764,"txt":"Бат","rate":0.82706,"cc":"THB","exchangedate":"19.07.2022"
 }
,{ 
"r030":784,"txt":"Дирхам ОАЕ","rate":7.9649,"cc":"AED","exchangedate":"19.07.2022"
 }
,{ 
"r030":788,"txt":"Туніський динар","rate":9.388,"cc":"TND","exchangedate":"19.07.2022"
 }
,{ 
"r030":860,"txt":"Узбецький сум","rate":0.0026923,"cc":"UZS","exchangedate":"19.07.2022"
 }
,{ 
"r030":901,"txt":"Новий тайванський долар","rate":0.98362,"cc":"TWD","exchangedate":"19.07.2022"
 }
,{ 
"r030":934,"txt":"Туркменський новий манат","rate":8.3585,"cc":"TMT","exchangedate":"19.07.2022"
 }
,{ 
"r030":941,"txt":"Сербський динар","rate":0.25896,"cc":"RSD","exchangedate":"19.07.2022"
 }
,{ 
"r030":972,"txt":"Сомоні","rate":2.7709,"cc":"TJS","exchangedate":"19.07.2022"
 }
,{ 
"r030":981,"txt":"Ларі","rate":9.9931,"cc":"GEL","exchangedate":"19.07.2022"
 }
,{ 
"r030":986,"txt":"Бразильський реал","rate":5.6474,"cc":"BRL","exchangedate":"19.07.2022"
 }
,{ 
"r030":959,"txt":"Золото","rate":50161.62,"cc":"XAU","exchangedate":"19.07.2022"
 }
,{ 
"r030":961,"txt":"Срібло","rate":551.01,"cc":"XAG","exchangedate":"19.07.2022"
 }
,{ 
"r030":962,"txt":"Платина","rate":25318.65,"cc":"XPT","exchangedate":"19.07.2022"
 }
,{ 
"r030":964,"txt":"Паладій","rate":54804.08,"cc":"XPD","exchangedate":"19.07.2022"
 }
]

